<html>
<HEAD>
<style>
.start_test{
	font-size: 12pt
}
.start_lib{
	color:Green;
	font-size: 10pt
}
.start_act{
	font-size: 8pt
}
.test_passed{
	color:Blue;
	font-size: 12pt
}
.test_failed{
	color:Red;
	font-size: 12pt
}
.knownfailed{
	color:magenta;
	font-size: 10pt
}
.lib_passed{
	color:Blue;
	font-size: 10pt
}
.lib_failed{
	color:Red;
	font-size: 10pt
}
.lib_warned{
	color:magenta;
	font-size: 10pt
}
.act_passed{
	color:Blue;
	font-size: 8pt
}
.act_failed{
	color:magenta;
	font-size: 8pt
}
</style>
</HEAD>
<body>


<center><h4> ****** ****** ****** ****** ****** ******</h4></center>
<center><h2> Running Testsuite (detail log) </h2></center><center><h3> Start 2023/05/07 - 23:03:17</h3></center>
<center><table border=1><tr><td bgcolor=#C0C0C0 style="width:80px"><b>Result</b></td> 
<td bgcolor=#C0C0C0><b>Description</b></td></tr>
<tr><td COLSPAN=3><a id="1683475397781" name="1683475397781"></a><span class="start_test"><b> --- 2023/05/07 - 23:03:17 : Start test login.login successful to export csv</b></span></td></tr>

<tr><td COLSPAN=3><span class="start_lib"><b> -------- 2023/05/07 - 23:03:17 : Starting test library core.launch page('https://bot.staging.c-plus.chat')</b></span></td></tr>

<tr><td COLSPAN=3><span class="start_act"><b> ------ ------ 2023/05/07 - 23:03:17 : Start action - openbrowser - input = | https://bot.staging.c-plus.chat |</b></span></td></tr>

<tr><td COLSPAN=3><span class="act_passed"><b> ------ ------ 2023/05/07 - 23:03:25 : Action 'openbrowser' passed</b></span></td></tr>

<tr><td COLSPAN=3><span class="lib_passed"><b> -------- 2023/05/07 - 23:03:25 : Test Library 'core.launch page' run passed</b></span></td></tr>

<tr><td COLSPAN=3><span class="start_lib"><b> -------- 2023/05/07 - 23:03:25 : Starting test library login.login to se system('admin@cplus.cloud'', 'Abcd@1234')</b></span></td></tr>

<tr><td COLSPAN=3><span class="start_act"><b> ------ ------ 2023/05/07 - 23:03:25 : Start action - settext - with object 'login.txtemail' input = | admin@cplus.cloud |</b></span></td></tr>

<tr><td COLSPAN=3><span class="act_passed"><b> ------ ------ 2023/05/07 - 23:03:26 : Set text 'admin@cplus.cloud' to object 'login.txtemail' passed</b></span></td></tr>

<tr><td COLSPAN=3><span class="start_act"><b> ------ ------ 2023/05/07 - 23:03:26 : Start action - settext - with object 'login.txtpassword' input = | Abcd@1234 |</b></span></td></tr>

<tr><td COLSPAN=3><span class="act_passed"><b> ------ ------ 2023/05/07 - 23:03:27 : Set text 'Abcd@1234' to object 'login.txtpassword' passed</b></span></td></tr>

<tr><td COLSPAN=3><span class="start_act"><b> ------ ------ 2023/05/07 - 23:03:27 : Start action - click - with object 'login.btnlogin'</b></span></td></tr>

<tr><td COLSPAN=3><span class="act_passed"><b> ------ ------ 2023/05/07 - 23:03:28 : Click object 'login.btnlogin' passed</b></span></td></tr>

<tr><td COLSPAN=3><span class="lib_passed"><b> -------- 2023/05/07 - 23:03:28 : Test Library 'login.login to se system' run passed</b></span></td></tr>

<tr><td COLSPAN=3><span class="start_lib"><b> -------- 2023/05/07 - 23:03:28 : Starting test library homepage.waiting for loading</b></span></td></tr>

<tr><td COLSPAN=3><span class="start_act"><b> ------ ------ 2023/05/07 - 23:03:28 : Start action - checkexists - with object 'homepage.div_loading'</b></span></td></tr>

<tr><td COLSPAN=3><span class="act_passed"><b> ------ ------ 2023/05/07 - 23:03:33 : Object 'homepage.div_loading' is exists</b></span></td></tr>

<tr><td COLSPAN=3><span class="lib_passed"><b> -------- 2023/05/07 - 23:03:33 : Test Library 'homepage.waiting for loading' run passed</b></span></td></tr>

<tr><td COLSPAN=3><span class="start_lib"><b> -------- 2023/05/07 - 23:03:33 : Starting test library homepage.select to search projects('AutomationDuy_4KQLWztuV5')</b></span></td></tr>

<tr><td COLSPAN=3><span class="start_act"><b> ------ ------ 2023/05/07 - 23:03:33 : Start action - sleep - input = | 10 |</b></span></td></tr>

<tr><td COLSPAN=3><span class="act_passed"><b> ------ ------ 2023/05/07 - 23:03:43 : Action 'sleep' passed</b></span></td></tr>

<tr><td COLSPAN=3><span class="start_act"><b> ------ ------ 2023/05/07 - 23:03:43 : Start action - Click - with object 'homepage.div_search_projects'</b></span></td></tr>

<tr><td COLSPAN=3><span class="act_passed"><b> ------ ------ 2023/05/07 - 23:03:45 : Click object 'homepage.div_search_projects' passed</b></span></td></tr>

<tr><td COLSPAN=3><span class="start_act"><b> ------ ------ 2023/05/07 - 23:03:45 : Start action - strcat - input = | text: |AutomationDuy_4KQLWztuV5 | </b></span></td></tr>

<tr><td COLSPAN=3><span class="act_passed"><b> ------ ------ 2023/05/07 - 23:03:45 : Action 'strcat' passed, string cat = text:AutomationDuy_4KQLWztuV5</b></span></td></tr>

<tr><td COLSPAN=3><span class="start_act"><b> ------ ------ 2023/05/07 - 23:03:45 : Start action - getDescendantsXPath - with object 'homepage.div_search_projects' input = | tagname:a |text:AutomationDuy_4KQLWztuV5 | </b></span></td></tr>

<tr><td COLSPAN=3><span class="act_passed"><b> ------ ------ 2023/05/07 - 23:04:01 : Found 1 items descendant of 'homepage.div_search_projects' </b></span></td></tr>

<tr><td COLSPAN=3><span class="start_act"><b> ------ ------ 2023/05/07 - 23:04:01 : Start action - click - input = | /html/body/div[1]/div[1]/div[1]/div[1]/div[1]/div[2]/ul[1]/li[1]/div[1]/div[1]/div[2]/div[1]/div[119]/a[1] |</b></span></td></tr>

<tr><td COLSPAN=3><a href = "images\1683475447146.after.png"><span class="act_failed"><b> ------ ------ 2023/05/07 - 23:04:07 : Action Click exception (object: '/html/body/div[1]/div[1]/div[1]/div[1]/div[1]/div[2]/ul[1]/li[1]/div[1]/div[1]/div[2]/div[1]/div[119]/a[1]'): org.openqa.selenium.TimeoutException: Expected condition failed: waiting for com.ttv.at.test.action.selenium$1@657b5918 (tried for 5 second(s) with 500 milliseconds interval)</b></span></a></td></tr>

<tr><td COLSPAN=3><span class="lib_failed"><b> -------- 2023/05/07 - 23:04:07 : Test Library  'homepage.select to search projects' failed at Action 'click'</b></span></td></tr>

<tr><td><span class="test_failed"><b> FAILED </b></span></td>
<td><span class="test_failed"><b> --- 2023/05/07 - 23:04:07 : Test case login.login successful to export csv failed : Test Library  'homepage.select to search projects' failed at Action 'click'</b></span>
</br><a href = "images\1683475447146.after.png"> after failed </a></td></tr>
<tr/>


</table></center><center><h2> End 2023/05/07 - 23:04:07</h2></center>
</center><center><h3> --- --- PASSED: 0 --- --- --- </h3></center>
</center><center><h3> --- --- FAILED: 1 --- --- --- </h3></center>
</center><center><h3> --- --- --- --- --- --- --- </h3></center>
