<html>
<HEAD>
<style>
.start_test{
	font-size: 12pt
}
.start_lib{
	color:Green;
	font-size: 10pt
}
.start_act{
	font-size: 8pt
}
.test_passed{
	color:Blue;
	font-size: 12pt
}
.test_failed{
	color:Red;
	font-size: 12pt
}
.knownfailed{
	color:magenta;
	font-size: 10pt
}
.lib_passed{
	color:Blue;
	font-size: 10pt
}
.lib_failed{
	color:Red;
	font-size: 10pt
}
.lib_warned{
	color:magenta;
	font-size: 10pt
}
.act_passed{
	color:Blue;
	font-size: 8pt
}
.act_failed{
	color:magenta;
	font-size: 8pt
}
</style>
</HEAD>
<body>


<center><h4> ****** ****** ****** ****** ****** ******</h4></center>
<center><h2> Running Testsuite (detail log) </h2></center><center><h3> Start 2023/05/07 - 22:40:29</h3></center>
<center><table border=1><tr><td bgcolor=#C0C0C0 style="width:80px"><b>Result</b></td> 
<td bgcolor=#C0C0C0><b>Description</b></td></tr>
<tr><td COLSPAN=3><a id="1683474029526" name="1683474029526"></a><span class="start_test"><b> --- 2023/05/07 - 22:40:29 : Start test login.login successful to export csv</b></span></td></tr>

<tr><td COLSPAN=3><span class="start_lib"><b> -------- 2023/05/07 - 22:40:29 : Starting test library core.launch page('https://bot.staging.c-plus.chat')</b></span></td></tr>

<tr><td COLSPAN=3><span class="start_act"><b> ------ ------ 2023/05/07 - 22:40:29 : Start action - openbrowser - input = | https://bot.staging.c-plus.chat |</b></span></td></tr>

<tr><td COLSPAN=3><span class="act_passed"><b> ------ ------ 2023/05/07 - 22:40:37 : Action 'openbrowser' passed</b></span></td></tr>

<tr><td COLSPAN=3><span class="lib_passed"><b> -------- 2023/05/07 - 22:40:37 : Test Library 'core.launch page' run passed</b></span></td></tr>

<tr><td COLSPAN=3><span class="start_lib"><b> -------- 2023/05/07 - 22:40:37 : Starting test library login.login to se system('admin@cplus.cloud'', 'Abcd@1234')</b></span></td></tr>

<tr><td COLSPAN=3><span class="start_act"><b> ------ ------ 2023/05/07 - 22:40:37 : Start action - settext - with object 'login.txtemail' input = | admin@cplus.cloud |</b></span></td></tr>

<tr><td COLSPAN=3><a href = "images\1683474038391.after.png"><span class="act_failed"><b> ------ ------ 2023/05/07 - 22:40:38 : Action 'settext' by Selenium runtime exception: org.openqa.selenium.WebDriverException: disconnected: not connected to DevTools
  (failed to check if window was closed: disconnected: not connected to DevTools)
  (Session info: chrome=112.0.5615.138)
Build info: version: '4.8.1', revision: '8ebccac989'
System info: os.name: 'Windows 11', os.arch: 'amd64', os.version: '10.0', java.version: '17.0.6'
Driver info: org.openqa.selenium.chrome.ChromeDriver
Command: [a23db7b1ee15f42f2803794910ae877a, switchToWindow {handle=2CAEC9BE752464BE01F7B86D7565863C}]
Capabilities {acceptInsecureCerts: false, browserName: chrome, browserVersion: 112.0.5615.138, chrome: {chromedriverVersion: 111.0.5563.64 (c710e93d5b63..., userDataDir: C:\Users\ADMIN\AppData\Loca...}, goog:chromeOptions: {debuggerAddress: localhost:60715}, networkConnectionEnabled: false, pageLoadStrategy: normal, platformName: WINDOWS, proxy: Proxy(), se:cdp: ws://localhost:60715/devtoo..., se:cdpVersion: 112.0.5615.138, setWindowRect: true, strictFileInteractability: false, timeouts: {implicit: 0, pageLoad: 300000, script: 30000}, unhandledPromptBehavior: ignore, webauthn:extension:credBlob: true, webauthn:extension:largeBlob: true, webauthn:extension:minPinLength: true, webauthn:extension:prf: true, webauthn:virtualAuthenticators: true}
Session ID: a23db7b1ee15f42f2803794910ae877a</b></span></a></td></tr>

<tr><td COLSPAN=3><span class="lib_failed"><b> -------- 2023/05/07 - 22:40:38 : Test Library  'login.login to se system' failed at Action 'settext'</b></span></td></tr>

<tr><td><span class="test_failed"><b> FAILED </b></span></td>
<td><span class="test_failed"><b> --- 2023/05/07 - 22:40:38 : Test case login.login successful to export csv failed : Test Library  'login.login to se system' failed at Action 'settext'</b></span>
</br><a href = "images\1683474038391.after.png"> after failed </a></td></tr>
<tr/>


</table></center><center><h2> End 2023/05/07 - 22:40:38</h2></center>
</center><center><h3> --- --- PASSED: 0 --- --- --- </h3></center>
</center><center><h3> --- --- FAILED: 1 --- --- --- </h3></center>
</center><center><h3> --- --- --- --- --- --- --- </h3></center>
